<?xml version="1.0" encoding="UTF-8"?>
<coverage generated="1664550441050" clover="3.2.0">
  <project timestamp="1664550441050" name="All files">
    <metrics statements="46" coveredstatements="35" conditionals="25" coveredconditionals="17" methods="8" coveredmethods="4" elements="79" coveredelements="56" complexity="0" loc="46" ncloc="46" packages="5" files="5" classes="5"/>
    <package name="DB">
      <metrics statements="6" coveredstatements="4" conditionals="1" coveredconditionals="1" methods="3" coveredmethods="2"/>
      <file name="mongoose.ts" path="D:\my Folders\Documents\cook-recipes-site\src\DB\mongoose.ts">
        <metrics statements="6" coveredstatements="4" conditionals="1" coveredconditionals="1" methods="3" coveredmethods="2"/>
        <line num="1" count="1" type="stmt"/>
        <line num="3" count="1" type="stmt"/>
        <line num="4" count="2" type="cond" truecount="1" falsecount="0"/>
        <line num="7" count="1" type="stmt"/>
        <line num="10" count="0" type="stmt"/>
        <line num="11" count="0" type="stmt"/>
      </file>
    </package>
    <package name="models">
      <metrics statements="12" coveredstatements="12" conditionals="1" coveredconditionals="1" methods="1" coveredmethods="1"/>
      <file name="user.model.ts" path="D:\my Folders\Documents\cook-recipes-site\src\models\user.model.ts">
        <metrics statements="12" coveredstatements="12" conditionals="1" coveredconditionals="1" methods="1" coveredmethods="1"/>
        <line num="1" count="1" type="stmt"/>
        <line num="2" count="1" type="stmt"/>
        <line num="3" count="1" type="stmt"/>
        <line num="5" count="1" type="stmt"/>
        <line num="25" count="1" type="stmt"/>
        <line num="26" count="2" type="cond" truecount="1" falsecount="0"/>
        <line num="27" count="2" type="stmt"/>
        <line num="28" count="2" type="stmt"/>
        <line num="29" count="2" type="stmt"/>
        <line num="31" count="2" type="stmt"/>
        <line num="33" count="2" type="stmt"/>
        <line num="36" count="1" type="stmt"/>
      </file>
    </package>
    <package name="services">
      <metrics statements="18" coveredstatements="9" conditionals="3" coveredconditionals="0" methods="4" coveredmethods="1"/>
      <file name="users.services.ts" path="D:\my Folders\Documents\cook-recipes-site\src\services\users.services.ts">
        <metrics statements="18" coveredstatements="9" conditionals="3" coveredconditionals="0" methods="4" coveredmethods="1"/>
        <line num="1" count="1" type="stmt"/>
        <line num="2" count="1" type="stmt"/>
        <line num="5" count="1" type="stmt"/>
        <line num="6" count="2" type="stmt"/>
        <line num="8" count="2" type="stmt"/>
        <line num="10" count="2" type="stmt"/>
        <line num="13" count="1" type="stmt"/>
        <line num="16" count="0" type="cond" truecount="0" falsecount="1"/>
        <line num="17" count="0" type="stmt"/>
        <line num="18" count="0" type="stmt"/>
        <line num="21" count="0" type="stmt"/>
        <line num="32" count="0" type="stmt"/>
        <line num="35" count="1" type="stmt"/>
        <line num="38" count="0" type="cond" truecount="0" falsecount="1"/>
        <line num="42" count="0" type="stmt"/>
        <line num="45" count="1" type="stmt"/>
        <line num="46" count="0" type="cond" truecount="0" falsecount="1"/>
        <line num="48" count="0" type="stmt"/>
      </file>
    </package>
    <package name="test-utils">
      <metrics statements="3" coveredstatements="3" conditionals="8" coveredconditionals="6" methods="0" coveredmethods="0"/>
      <file name="envirnoment-test-variables.ts" path="D:\my Folders\Documents\cook-recipes-site\src\test-utils\envirnoment-test-variables.ts">
        <metrics statements="3" coveredstatements="3" conditionals="8" coveredconditionals="6" methods="0" coveredmethods="0"/>
        <line num="1" count="1" type="stmt"/>
        <line num="3" count="1" type="cond" truecount="3" falsecount="1"/>
        <line num="4" count="1" type="cond" truecount="3" falsecount="1"/>
      </file>
    </package>
    <package name="utils">
      <metrics statements="7" coveredstatements="7" conditionals="12" coveredconditionals="9" methods="0" coveredmethods="0"/>
      <file name="environment-variables.ts" path="D:\my Folders\Documents\cook-recipes-site\src\utils\environment-variables.ts">
        <metrics statements="7" coveredstatements="7" conditionals="12" coveredconditionals="9" methods="0" coveredmethods="0"/>
        <line num="1" count="1" type="stmt"/>
        <line num="2" count="1" type="stmt"/>
        <line num="3" count="1" type="stmt"/>
        <line num="5" count="1" type="stmt"/>
        <line num="11" count="1" type="stmt"/>
        <line num="13" count="1" type="cond" truecount="3" falsecount="1"/>
        <line num="14" count="1" type="cond" truecount="3" falsecount="1"/>
      </file>
    </package>
  </project>
</coverage>
