{"D:\\my Folders\\Documents\\cook-recipes-site\\src\\DB\\mongoose.ts": {"path":"D:\\my Folders\\Documents\\cook-recipes-site\\src\\DB\\mongoose.ts","statementMap":{"0":{"start":{"line":1,"column":0},"end":{"line":1,"column":32}},"1":{"start":{"line":4,"column":4},"end":{"line":12,"column":11}},"2":{"start":{"line":7,"column":12},"end":{"line":7,"column":49}},"3":{"start":{"line":10,"column":12},"end":{"line":10,"column":59}},"4":{"start":{"line":11,"column":12},"end":{"line":11,"column":22}},"5":{"start":{"line":3,"column":0},"end":{"line":3,"column":22}}},"fnMap":{"0":{"name":"connectDB","decl":{"start":{"line":3,"column":22},"end":{"line":3,"column":31}},"loc":{"start":{"line":3,"column":43},"end":{"line":13,"column":null}}},"1":{"name":"(anonymous_17)","decl":{"start":{"line":6,"column":14},"end":{"line":6,"column":null}},"loc":{"start":{"line":6,"column":14},"end":{"line":8,"column":9}}},"2":{"name":"(anonymous_18)","decl":{"start":{"line":9,"column":15},"end":{"line":9,"column":16}},"loc":{"start":{"line":9,"column":19},"end":{"line":12,"column":9}}}},"branchMap":{"0":{"loc":{"start":{"line":4,"column":4},"end":{"line":12,"column":11}},"type":"switch","locations":[{"start":{"line":4,"column":4},"end":{"line":12,"column":11}}]}},"s":{"0":1,"1":2,"2":1,"3":0,"4":0,"5":1},"f":{"0":1,"1":1,"2":0},"b":{"0":[1]}}
,"D:\\my Folders\\Documents\\cook-recipes-site\\src\\models\\user.model.ts": {"path":"D:\\my Folders\\Documents\\cook-recipes-site\\src\\models\\user.model.ts","statementMap":{"0":{"start":{"line":1,"column":0},"end":{"line":1,"column":32}},"1":{"start":{"line":2,"column":0},"end":{"line":2,"column":28}},"2":{"start":{"line":3,"column":15},"end":{"line":3,"column":30}},"3":{"start":{"line":5,"column":19},"end":{"line":22,"column":null}},"4":{"start":{"line":25,"column":0},"end":{"line":34,"column":3}},"5":{"start":{"line":26,"column":4},"end":{"line":32,"column":null}},"6":{"start":{"line":27,"column":14},"end":{"line":27,"column":44}},"7":{"start":{"line":28,"column":14},"end":{"line":28,"column":48}},"8":{"start":{"line":29,"column":14},"end":{"line":29,"column":64}},"9":{"start":{"line":31,"column":8},"end":{"line":31,"column":31}},"10":{"start":{"line":33,"column":4},"end":{"line":33,"column":11}},"11":{"start":{"line":36,"column":13},"end":{"line":36,"column":60}}},"fnMap":{"0":{"name":"(anonymous_14)","decl":{"start":{"line":25,"column":23},"end":{"line":25,"column":39}},"loc":{"start":{"line":25,"column":43},"end":{"line":34,"column":2}}}},"branchMap":{"0":{"loc":{"start":{"line":26,"column":4},"end":{"line":32,"column":null}},"type":"if","locations":[{"start":{"line":26,"column":4},"end":{"line":32,"column":null}}]}},"s":{"0":1,"1":1,"2":1,"3":1,"4":1,"5":2,"6":2,"7":2,"8":2,"9":2,"10":2,"11":1},"f":{"0":2},"b":{"0":[2]}}
,"D:\\my Folders\\Documents\\cook-recipes-site\\src\\services\\users.services.ts": {"path":"D:\\my Folders\\Documents\\cook-recipes-site\\src\\services\\users.services.ts","statementMap":{"0":{"start":{"line":1,"column":0},"end":{"line":1,"column":49}},"1":{"start":{"line":2,"column":0},"end":{"line":2,"column":28}},"2":{"start":{"line":6,"column":10},"end":{"line":6,"column":40}},"3":{"start":{"line":8,"column":24},"end":{"line":8,"column":null}},"4":{"start":{"line":8,"column":10},"end":{"line":8,"column":null}},"5":{"start":{"line":10,"column":4},"end":{"line":10,"column":27}},"6":{"start":{"line":5,"column":0},"end":{"line":5,"column":22}},"7":{"start":{"line":16,"column":4},"end":{"line":19,"column":null}},"8":{"start":{"line":17,"column":14},"end":{"line":17,"column":44}},"9":{"start":{"line":18,"column":8},"end":{"line":18,"column":69}},"10":{"start":{"line":21,"column":24},"end":{"line":30,"column":null}},"11":{"start":{"line":21,"column":10},"end":{"line":30,"column":null}},"12":{"start":{"line":32,"column":4},"end":{"line":32,"column":18}},"13":{"start":{"line":13,"column":0},"end":{"line":13,"column":22}},"14":{"start":{"line":38,"column":25},"end":{"line":40,"column":null}},"15":{"start":{"line":38,"column":10},"end":{"line":40,"column":null}},"16":{"start":{"line":42,"column":4},"end":{"line":42,"column":51}},"17":{"start":{"line":35,"column":0},"end":{"line":35,"column":22}},"18":{"start":{"line":46,"column":20},"end":{"line":46,"column":null}},"19":{"start":{"line":46,"column":10},"end":{"line":46,"column":null}},"20":{"start":{"line":48,"column":4},"end":{"line":48,"column":51}},"21":{"start":{"line":45,"column":0},"end":{"line":45,"column":22}}},"fnMap":{"0":{"name":"registerUser","decl":{"start":{"line":5,"column":22},"end":{"line":5,"column":34}},"loc":{"start":{"line":5,"column":46},"end":{"line":11,"column":null}}},"1":{"name":"updateUserData","decl":{"start":{"line":13,"column":22},"end":{"line":13,"column":36}},"loc":{"start":{"line":14,"column":19},"end":{"line":33,"column":null}}},"2":{"name":"getUserPasswordByEmail","decl":{"start":{"line":35,"column":22},"end":{"line":35,"column":44}},"loc":{"start":{"line":36,"column":16},"end":{"line":43,"column":null}}},"3":{"name":"findUserByEmail","decl":{"start":{"line":45,"column":22},"end":{"line":45,"column":37}},"loc":{"start":{"line":45,"column":55},"end":{"line":49,"column":null}}}},"branchMap":{"0":{"loc":{"start":{"line":16,"column":4},"end":{"line":19,"column":null}},"type":"if","locations":[{"start":{"line":16,"column":4},"end":{"line":19,"column":null}}]},"1":{"loc":{"start":{"line":38,"column":25},"end":{"line":40,"column":null}},"type":"switch","locations":[{"start":{"line":38,"column":25},"end":{"line":40,"column":null}}]},"2":{"loc":{"start":{"line":46,"column":20},"end":{"line":46,"column":null}},"type":"switch","locations":[{"start":{"line":46,"column":20},"end":{"line":46,"column":null}}]}},"s":{"0":1,"1":1,"2":2,"3":2,"4":2,"5":2,"6":1,"7":0,"8":0,"9":0,"10":0,"11":0,"12":0,"13":1,"14":0,"15":0,"16":0,"17":1,"18":0,"19":0,"20":0,"21":1},"f":{"0":2,"1":0,"2":0,"3":0},"b":{"0":[0],"1":[0],"2":[0]}}
,"D:\\my Folders\\Documents\\cook-recipes-site\\src\\test-utils\\envirnoment-test-variables.ts": {"path":"D:\\my Folders\\Documents\\cook-recipes-site\\src\\test-utils\\envirnoment-test-variables.ts","statementMap":{"0":{"start":{"line":1,"column":0},"end":{"line":1,"column":47}},"1":{"start":{"line":3,"column":13},"end":{"line":3,"column":69}},"2":{"start":{"line":4,"column":13},"end":{"line":4,"column":80}}},"fnMap":{},"branchMap":{"0":{"loc":{"start":{"line":3,"column":38},"end":{"line":3,"column":67}},"type":"cond-expr","locations":[{"start":{"line":3,"column":62},"end":{"line":3,"column":66}},{"start":{"line":3,"column":66},"end":{"line":3,"column":67}}]},"1":{"loc":{"start":{"line":3,"column":38},"end":{"line":3,"column":66}},"type":"binary-expr","locations":[{"start":{"line":3,"column":38},"end":{"line":3,"column":66}},{"start":{"line":3,"column":62},"end":{"line":3,"column":66}}]},"2":{"loc":{"start":{"line":4,"column":45},"end":{"line":4,"column":78}},"type":"cond-expr","locations":[{"start":{"line":4,"column":73},"end":{"line":4,"column":77}},{"start":{"line":4,"column":77},"end":{"line":4,"column":78}}]},"3":{"loc":{"start":{"line":4,"column":45},"end":{"line":4,"column":77}},"type":"binary-expr","locations":[{"start":{"line":4,"column":45},"end":{"line":4,"column":77}},{"start":{"line":4,"column":73},"end":{"line":4,"column":77}}]}},"s":{"0":1,"1":1,"2":1},"f":{},"b":{"0":[1,0],"1":[1,1],"2":[1,0],"3":[1,1]}}
,"D:\\my Folders\\Documents\\cook-recipes-site\\src\\utils\\environment-variables.ts": {"path":"D:\\my Folders\\Documents\\cook-recipes-site\\src\\utils\\environment-variables.ts","statementMap":{"0":{"start":{"line":1,"column":0},"end":{"line":1,"column":32}},"1":{"start":{"line":2,"column":0},"end":{"line":2,"column":39}},"2":{"start":{"line":3,"column":0},"end":{"line":3,"column":24}},"3":{"start":{"line":5,"column":19},"end":{"line":8,"column":null}},"4":{"start":{"line":11,"column":0},"end":{"line":11,"column":37}},"5":{"start":{"line":13,"column":13},"end":{"line":13,"column":56}},"6":{"start":{"line":14,"column":13},"end":{"line":14,"column":61}}},"fnMap":{},"branchMap":{"0":{"loc":{"start":{"line":8,"column":12},"end":{"line":8,"column":43}},"type":"cond-expr","locations":[{"start":{"line":8,"column":32},"end":{"line":8,"column":36}},{"start":{"line":8,"column":36},"end":{"line":8,"column":43}}]},"1":{"loc":{"start":{"line":8,"column":12},"end":{"line":8,"column":36}},"type":"binary-expr","locations":[{"start":{"line":8,"column":12},"end":{"line":8,"column":36}},{"start":{"line":8,"column":32},"end":{"line":8,"column":36}}]},"2":{"loc":{"start":{"line":13,"column":30},"end":{"line":13,"column":54}},"type":"cond-expr","locations":[{"start":{"line":13,"column":46},"end":{"line":13,"column":50}},{"start":{"line":13,"column":50},"end":{"line":13,"column":54}}]},"3":{"loc":{"start":{"line":13,"column":30},"end":{"line":13,"column":50}},"type":"binary-expr","locations":[{"start":{"line":13,"column":30},"end":{"line":13,"column":50}},{"start":{"line":13,"column":46},"end":{"line":13,"column":50}}]},"4":{"loc":{"start":{"line":14,"column":33},"end":{"line":14,"column":60}},"type":"cond-expr","locations":[{"start":{"line":14,"column":54},"end":{"line":14,"column":58}},{"start":{"line":14,"column":58},"end":{"line":14,"column":60}}]},"5":{"loc":{"start":{"line":14,"column":33},"end":{"line":14,"column":58}},"type":"binary-expr","locations":[{"start":{"line":14,"column":33},"end":{"line":14,"column":58}},{"start":{"line":14,"column":54},"end":{"line":14,"column":58}}]}},"s":{"0":1,"1":1,"2":1,"3":1,"4":1,"5":1,"6":1},"f":{},"b":{"0":[1,0],"1":[1,1],"2":[1,0],"3":[1,1],"4":[1,0],"5":[1,1]}}
}
