TN:
SF:src\DB\mongoose.ts
FN:3,connectDB
FN:6,(anonymous_17)
FN:9,(anonymous_18)
FNF:3
FNH:2
FNDA:1,connectDB
FNDA:1,(anonymous_17)
FNDA:0,(anonymous_18)
DA:1,1
DA:3,1
DA:4,2
DA:7,1
DA:10,0
DA:11,0
LF:6
LH:4
BRDA:4,0,0,1
BRF:1
BRH:1
end_of_record
TN:
SF:src\models\user.model.ts
FN:25,(anonymous_14)
FNF:1
FNH:1
FNDA:2,(anonymous_14)
DA:1,1
DA:2,1
DA:3,1
DA:5,1
DA:25,1
DA:26,2
DA:27,2
DA:28,2
DA:29,2
DA:31,2
DA:33,2
DA:36,1
LF:12
LH:12
BRDA:26,0,0,2
BRF:1
BRH:1
end_of_record
TN:
SF:src\services\users.services.ts
FN:5,registerUser
FN:13,updateUserData
FN:35,getUserPasswordByEmail
FN:45,findUserByEmail
FNF:4
FNH:1
FNDA:2,registerUser
FNDA:0,updateUserData
FNDA:0,getUserPasswordByEmail
FNDA:0,findUserByEmail
DA:1,1
DA:2,1
DA:5,1
DA:6,2
DA:8,2
DA:10,2
DA:13,1
DA:16,0
DA:17,0
DA:18,0
DA:21,0
DA:32,0
DA:35,1
DA:38,0
DA:42,0
DA:45,1
DA:46,0
DA:48,0
LF:18
LH:9
BRDA:16,0,0,0
BRDA:38,1,0,0
BRDA:46,2,0,0
BRF:3
BRH:0
end_of_record
TN:
SF:src\test-utils\envirnoment-test-variables.ts
FNF:0
FNH:0
DA:1,1
DA:3,1
DA:4,1
LF:3
LH:3
BRDA:3,0,0,1
BRDA:3,0,1,0
BRDA:3,1,0,1
BRDA:3,1,1,1
BRDA:4,2,0,1
BRDA:4,2,1,0
BRDA:4,3,0,1
BRDA:4,3,1,1
BRF:8
BRH:6
end_of_record
TN:
SF:src\utils\environment-variables.ts
FNF:0
FNH:0
DA:1,1
DA:2,1
DA:3,1
DA:5,1
DA:11,1
DA:13,1
DA:14,1
LF:7
LH:7
BRDA:8,0,0,1
BRDA:8,0,1,0
BRDA:8,1,0,1
BRDA:8,1,1,1
BRDA:13,2,0,1
BRDA:13,2,1,0
BRDA:13,3,0,1
BRDA:13,3,1,1
BRDA:14,4,0,1
BRDA:14,4,1,0
BRDA:14,5,0,1
BRDA:14,5,1,1
BRF:12
BRH:9
end_of_record
